-------------------------------------------------------------------------------
Test set: com.example.demo.AccountSetupApplicationTests
-------------------------------------------------------------------------------
Tests run: 1, Failures: 0, Errors: 1, Skipped: 0, Time elapsed: 1.144 s <<< FAILURE! - in com.example.demo.AccountSetupApplicationTests
com.example.demo.AccountSetupApplicationTests  Time elapsed: 1.14 s  <<< ERROR!
java.lang.IllegalStateException: Unable to find a @SpringBootConfiguration, you need to use @ContextConfiguration or @SpringBootTest(classes=...) with your test

